  Source.cpp
c:\users\danish\documents\visual studio 2015\projects\assignment - 2\assignment - 2\source.cpp(12): warning C4838: conversion from 'double' to 'GLfloat' requires a narrowing conversion
c:\users\danish\documents\visual studio 2015\projects\assignment - 2\assignment - 2\source.cpp(12): warning C4305: 'initializing': truncation from 'double' to 'GLfloat'
c:\users\danish\documents\visual studio 2015\projects\assignment - 2\assignment - 2\source.cpp(13): warning C4838: conversion from 'double' to 'GLfloat' requires a narrowing conversion
c:\users\danish\documents\visual studio 2015\projects\assignment - 2\assignment - 2\source.cpp(13): warning C4305: 'initializing': truncation from 'double' to 'GLfloat'
c:\users\danish\documents\visual studio 2015\projects\assignment - 2\assignment - 2\source.cpp(15): warning C4838: conversion from 'double' to 'GLfloat' requires a narrowing conversion
c:\users\danish\documents\visual studio 2015\projects\assignment - 2\assignment - 2\source.cpp(15): warning C4305: 'initializing': truncation from 'double' to 'GLfloat'
c:\users\danish\documents\visual studio 2015\projects\assignment - 2\assignment - 2\source.cpp(23): warning C4305: 'argument': truncation from 'double' to 'GLfloat'
c:\users\danish\documents\visual studio 2015\projects\assignment - 2\assignment - 2\source.cpp(25): warning C4305: 'argument': truncation from 'double' to 'GLfloat'
c:\users\danish\documents\visual studio 2015\projects\assignment - 2\assignment - 2\source.cpp(34): warning C4305: 'argument': truncation from 'double' to 'GLfloat'
c:\users\danish\documents\visual studio 2015\projects\assignment - 2\assignment - 2\source.cpp(36): warning C4305: 'argument': truncation from 'double' to 'GLfloat'
c:\users\danish\documents\visual studio 2015\projects\assignment - 2\assignment - 2\source.cpp(45): warning C4305: 'argument': truncation from 'double' to 'GLfloat'
c:\users\danish\documents\visual studio 2015\projects\assignment - 2\assignment - 2\source.cpp(47): warning C4305: 'argument': truncation from 'double' to 'GLfloat'
c:\users\danish\documents\visual studio 2015\projects\assignment - 2\assignment - 2\source.cpp(55): warning C4305: 'argument': truncation from 'double' to 'GLfloat'
c:\users\danish\documents\visual studio 2015\projects\assignment - 2\assignment - 2\source.cpp(57): warning C4305: 'argument': truncation from 'double' to 'GLfloat'
c:\users\danish\documents\visual studio 2015\projects\assignment - 2\assignment - 2\source.cpp(65): warning C4305: 'argument': truncation from 'double' to 'GLfloat'
c:\users\danish\documents\visual studio 2015\projects\assignment - 2\assignment - 2\source.cpp(75): warning C4305: 'argument': truncation from 'double' to 'GLfloat'
c:\users\danish\documents\visual studio 2015\projects\assignment - 2\assignment - 2\source.cpp(85): warning C4305: 'argument': truncation from 'double' to 'GLfloat'
c:\users\danish\documents\visual studio 2015\projects\assignment - 2\assignment - 2\source.cpp(86): warning C4305: 'argument': truncation from 'double' to 'GLfloat'
c:\users\danish\documents\visual studio 2015\projects\assignment - 2\assignment - 2\source.cpp(94): warning C4305: 'argument': truncation from 'double' to 'GLfloat'
c:\users\danish\documents\visual studio 2015\projects\assignment - 2\assignment - 2\source.cpp(95): warning C4305: 'argument': truncation from 'double' to 'GLfloat'
c:\users\danish\documents\visual studio 2015\projects\assignment - 2\assignment - 2\source.cpp(103): warning C4305: 'argument': truncation from 'double' to 'GLfloat'
c:\users\danish\documents\visual studio 2015\projects\assignment - 2\assignment - 2\source.cpp(104): warning C4305: 'argument': truncation from 'double' to 'GLfloat'
c:\users\danish\documents\visual studio 2015\projects\assignment - 2\assignment - 2\source.cpp(114): warning C4305: 'argument': truncation from 'double' to 'GLfloat'
c:\users\danish\documents\visual studio 2015\projects\assignment - 2\assignment - 2\source.cpp(115): warning C4305: 'argument': truncation from 'double' to 'GLfloat'
c:\users\danish\documents\visual studio 2015\projects\assignment - 2\assignment - 2\source.cpp(117): warning C4305: 'argument': truncation from 'double' to 'GLfloat'
c:\users\danish\documents\visual studio 2015\projects\assignment - 2\assignment - 2\source.cpp(125): warning C4305: 'argument': truncation from 'double' to 'GLfloat'
c:\users\danish\documents\visual studio 2015\projects\assignment - 2\assignment - 2\source.cpp(136): warning C4305: 'argument': truncation from 'double' to 'GLfloat'
c:\users\danish\documents\visual studio 2015\projects\assignment - 2\assignment - 2\source.cpp(147): warning C4305: 'argument': truncation from 'double' to 'GLfloat'
c:\users\danish\documents\visual studio 2015\projects\assignment - 2\assignment - 2\source.cpp(156): warning C4305: 'argument': truncation from 'double' to 'GLfloat'
c:\users\danish\documents\visual studio 2015\projects\assignment - 2\assignment - 2\source.cpp(157): warning C4305: 'argument': truncation from 'double' to 'GLfloat'
c:\users\danish\documents\visual studio 2015\projects\assignment - 2\assignment - 2\source.cpp(158): warning C4305: 'argument': truncation from 'double' to 'GLfloat'
c:\users\danish\documents\visual studio 2015\projects\assignment - 2\assignment - 2\source.cpp(166): warning C4305: 'argument': truncation from 'double' to 'GLfloat'
c:\users\danish\documents\visual studio 2015\projects\assignment - 2\assignment - 2\source.cpp(167): warning C4305: 'argument': truncation from 'double' to 'GLfloat'
c:\users\danish\documents\visual studio 2015\projects\assignment - 2\assignment - 2\source.cpp(175): warning C4305: 'argument': truncation from 'double' to 'GLfloat'
c:\users\danish\documents\visual studio 2015\projects\assignment - 2\assignment - 2\source.cpp(176): warning C4305: 'argument': truncation from 'double' to 'GLfloat'
c:\users\danish\documents\visual studio 2015\projects\assignment - 2\assignment - 2\source.cpp(184): warning C4305: 'argument': truncation from 'double' to 'GLfloat'
c:\users\danish\documents\visual studio 2015\projects\assignment - 2\assignment - 2\source.cpp(185): warning C4305: 'argument': truncation from 'double' to 'GLfloat'
c:\users\danish\documents\visual studio 2015\projects\assignment - 2\assignment - 2\source.cpp(194): warning C4305: 'argument': truncation from 'double' to 'GLfloat'
c:\users\danish\documents\visual studio 2015\projects\assignment - 2\assignment - 2\source.cpp(195): warning C4305: 'argument': truncation from 'double' to 'GLfloat'
c:\users\danish\documents\visual studio 2015\projects\assignment - 2\assignment - 2\source.cpp(204): warning C4305: 'argument': truncation from 'double' to 'GLfloat'
c:\users\danish\documents\visual studio 2015\projects\assignment - 2\assignment - 2\source.cpp(205): warning C4305: 'argument': truncation from 'double' to 'GLfloat'
c:\users\danish\documents\visual studio 2015\projects\assignment - 2\assignment - 2\source.cpp(214): warning C4305: 'argument': truncation from 'double' to 'GLfloat'
c:\users\danish\documents\visual studio 2015\projects\assignment - 2\assignment - 2\source.cpp(216): warning C4305: 'argument': truncation from 'double' to 'GLfloat'
c:\users\danish\documents\visual studio 2015\projects\assignment - 2\assignment - 2\source.cpp(224): warning C4305: 'argument': truncation from 'double' to 'GLfloat'
c:\users\danish\documents\visual studio 2015\projects\assignment - 2\assignment - 2\source.cpp(225): warning C4305: 'argument': truncation from 'double' to 'GLfloat'
c:\users\danish\documents\visual studio 2015\projects\assignment - 2\assignment - 2\source.cpp(235): warning C4305: 'argument': truncation from 'double' to 'GLfloat'
c:\users\danish\documents\visual studio 2015\projects\assignment - 2\assignment - 2\source.cpp(244): warning C4305: 'argument': truncation from 'double' to 'GLfloat'
c:\users\danish\documents\visual studio 2015\projects\assignment - 2\assignment - 2\source.cpp(245): warning C4305: 'argument': truncation from 'double' to 'GLfloat'
c:\users\danish\documents\visual studio 2015\projects\assignment - 2\assignment - 2\source.cpp(253): warning C4305: 'argument': truncation from 'double' to 'GLfloat'
c:\users\danish\documents\visual studio 2015\projects\assignment - 2\assignment - 2\source.cpp(254): warning C4305: 'argument': truncation from 'double' to 'GLfloat'
c:\users\danish\documents\visual studio 2015\projects\assignment - 2\assignment - 2\source.cpp(262): warning C4305: 'argument': truncation from 'double' to 'GLfloat'
c:\users\danish\documents\visual studio 2015\projects\assignment - 2\assignment - 2\source.cpp(263): warning C4305: 'argument': truncation from 'double' to 'GLfloat'
c:\users\danish\documents\visual studio 2015\projects\assignment - 2\assignment - 2\source.cpp(270): warning C4305: 'argument': truncation from 'double' to 'GLfloat'
c:\users\danish\documents\visual studio 2015\projects\assignment - 2\assignment - 2\source.cpp(271): warning C4305: 'argument': truncation from 'double' to 'GLfloat'
c:\users\danish\documents\visual studio 2015\projects\assignment - 2\assignment - 2\source.cpp(278): warning C4305: 'argument': truncation from 'double' to 'GLfloat'
c:\users\danish\documents\visual studio 2015\projects\assignment - 2\assignment - 2\source.cpp(279): warning C4305: 'argument': truncation from 'double' to 'GLfloat'
c:\users\danish\documents\visual studio 2015\projects\assignment - 2\assignment - 2\source.cpp(389): warning C4305: 'argument': truncation from 'double' to 'GLfloat'
c:\users\danish\documents\visual studio 2015\projects\assignment - 2\assignment - 2\source.cpp(395): warning C4305: 'argument': truncation from 'double' to 'GLfloat'
c:\users\danish\documents\visual studio 2015\projects\assignment - 2\assignment - 2\source.cpp(410): warning C4305: 'argument': truncation from 'double' to 'GLfloat'
c:\users\danish\documents\visual studio 2015\projects\assignment - 2\assignment - 2\source.cpp(414): warning C4305: 'argument': truncation from 'double' to 'GLfloat'
c:\users\danish\documents\visual studio 2015\projects\assignment - 2\assignment - 2\source.cpp(422): warning C4305: 'argument': truncation from 'double' to 'GLfloat'
c:\users\danish\documents\visual studio 2015\projects\assignment - 2\assignment - 2\source.cpp(429): warning C4305: 'argument': truncation from 'double' to 'GLfloat'
c:\users\danish\documents\visual studio 2015\projects\assignment - 2\assignment - 2\source.cpp(430): warning C4305: 'argument': truncation from 'double' to 'GLfloat'
c:\users\danish\documents\visual studio 2015\projects\assignment - 2\assignment - 2\source.cpp(435): warning C4305: 'argument': truncation from 'double' to 'GLfloat'
c:\users\danish\documents\visual studio 2015\projects\assignment - 2\assignment - 2\source.cpp(436): warning C4305: 'argument': truncation from 'double' to 'GLfloat'
c:\users\danish\documents\visual studio 2015\projects\assignment - 2\assignment - 2\source.cpp(441): warning C4305: 'argument': truncation from 'double' to 'GLfloat'
c:\users\danish\documents\visual studio 2015\projects\assignment - 2\assignment - 2\source.cpp(442): warning C4305: 'argument': truncation from 'double' to 'GLfloat'
c:\users\danish\documents\visual studio 2015\projects\assignment - 2\assignment - 2\source.cpp(448): warning C4305: 'argument': truncation from 'double' to 'GLfloat'
c:\users\danish\documents\visual studio 2015\projects\assignment - 2\assignment - 2\source.cpp(450): warning C4305: 'argument': truncation from 'double' to 'GLfloat'
c:\users\danish\documents\visual studio 2015\projects\assignment - 2\assignment - 2\source.cpp(452): warning C4305: 'argument': truncation from 'double' to 'GLfloat'
c:\users\danish\documents\visual studio 2015\projects\assignment - 2\assignment - 2\source.cpp(454): warning C4305: 'argument': truncation from 'double' to 'GLfloat'
c:\users\danish\documents\visual studio 2015\projects\assignment - 2\assignment - 2\source.cpp(459): warning C4305: 'argument': truncation from 'double' to 'GLfloat'
c:\users\danish\documents\visual studio 2015\projects\assignment - 2\assignment - 2\source.cpp(465): warning C4305: 'argument': truncation from 'double' to 'GLfloat'
c:\users\danish\documents\visual studio 2015\projects\assignment - 2\assignment - 2\source.cpp(477): warning C4305: 'argument': truncation from 'double' to 'GLfloat'
c:\users\danish\documents\visual studio 2015\projects\assignment - 2\assignment - 2\source.cpp(478): warning C4305: 'argument': truncation from 'double' to 'GLfloat'
c:\users\danish\documents\visual studio 2015\projects\assignment - 2\assignment - 2\source.cpp(489): warning C4305: 'argument': truncation from 'double' to 'GLclampf'
c:\users\danish\documents\visual studio 2015\projects\assignment - 2\assignment - 2\source.cpp(507): warning C4244: '=': conversion from 'double' to 'GLfloat', possible loss of data
  Assignment - 2.vcxproj -> c:\users\danish\documents\visual studio 2015\Projects\Assignment - 2\Debug\Assignment - 2.exe
  Assignment - 2.vcxproj -> c:\users\danish\documents\visual studio 2015\Projects\Assignment - 2\Debug\Assignment - 2.pdb (Full PDB)
